<?xml version="1.0" encoding="utf-8"?><testsuites name="pytest tests"><testsuite name="pytest" errors="0" failures="0" skipped="0" tests="13" time="5.485" timestamp="2026-09-16T02:03:36.988852+08:00" hostname="无敌暴龙战士"><testcase classname="tests.test_evidence" name="test_package_hash_round_trip" time="0.001" /><testcase classname="tests.test_evidence" name="test_package_detects_tampering" time="0.001" /><testcase classname="tests.test_health" name="test_valid_case_is_releasable" time="0.001" /><testcase classname="tests.test_health" name="test_temperature_outside_domain_blocks_advisory" time="0.001" /><testcase classname="tests.test_health" name="test_configuration_change_requires_review" time="0.001" /><testcase classname="tests.test_health" name="test_health_estimate_is_bounded_and_explainable" time="0.001" /><testcase classname="tests.test_service" name="test_end_to_end_estimate_generation" time="0.177" /><testcase classname="tests.test_service" name="test_blocked_estimate_cannot_be_accepted" time="0.154" /><testcase classname="tests.test_service" name="test_valid_estimate_can_be_reviewed" time="0.176" /><testcase classname="tests.test_service" name="test_configuration_change_requires_model_review" time="0.182" /><testcase classname="tests.test_service" name="test_export_contains_required_tables" time="0.178" /><testcase classname="tests.test_service" name="test_csv_style_measurement_import_and_estimation" time="0.186" /><testcase classname="tests.test_ui" name="test_all_ui_pages_render_without_exception" time="2.240" /></testsuite></testsuites>